<?xml version="1.0" encoding="UTF-8"?>
<!-- Generated by org.testng.reporters.JUnitReportReporter -->
<testsuite hostname="JananeVijay" failures="0" tests="1" name="testcases.HomeLoanTest" time="0.008" errors="0" timestamp="21 Apr 2023 20:56:25 GMT" skipped="0">
  <testcase classname="testcases.HomeLoanTest" name="test1" time="0.008"/>
</testsuite> <!-- testcases.HomeLoanTest -->
