<?xml version="1.0" encoding="UTF-8"?>
<!-- Generated by org.testng.reporters.JUnitReportReporter -->
<testsuite hostname="JananeVijay" failures="0" tests="1" name="testcases.CreditCardTest" time="0.001" errors="0" timestamp="21 Apr 2023 20:56:25 GMT" skipped="0">
  <testcase classname="testcases.CreditCardTest" name="tes4" time="0.001"/>
</testsuite> <!-- testcases.CreditCardTest -->
