<?xml version="1.0" encoding="UTF-8"?>
<!-- Generated by org.testng.reporters.JUnitReportReporter -->
<testsuite skipped="0" hostname="JananeVijay" name="testcases.CarLoanTest" tests="1" failures="0" timestamp="21 Apr 2023 21:01:44 GMT" time="0.002" errors="0">
  <testcase name="test3" time="0.002" classname="testcases.CarLoanTest"/>
</testsuite> <!-- testcases.CarLoanTest -->
